2024-03-04 15:32:49,819 - INFO - Entering method 'TestClass.method_with_self' with level 'INFO': Performing operation
2024-03-04 15:32:49,825 - INFO - This is a log message inside method_with_self
2024-03-04 15:32:49,825 - INFO - Exiting method 'TestClass.method_with_self' with level 'INFO': Performing operation. Result: 8
2024-03-04 15:32:49,826 - INFO - Entering method 'int.method_without_self' with level 'INFO': Performing operation
2024-03-04 15:32:49,826 - INFO - This is a log message inside method_without_self
2024-03-04 15:32:49,826 - INFO - Exiting method 'int.method_without_self' with level 'INFO': Performing operation. Result: 2
2024-03-04 15:38:48,889 - INFO - Entering method 'TestClass.method_with_self' with level 'INFO': Performing operation
2024-03-04 15:38:48,890 - INFO - This is a log message inside method_with_self
2024-03-04 15:38:48,890 - INFO - Exiting method 'TestClass.method_with_self' with level 'INFO': Performing operation. Result: 8
2024-03-04 15:38:48,890 - INFO - Entering method 'int.method_without_self' with level 'INFO': Performing operation
2024-03-04 15:38:48,890 - INFO - This is a log message inside method_without_self
2024-03-04 15:38:48,892 - INFO - Exiting method 'int.method_without_self' with level 'INFO': Performing operation. Result: 2
2024-03-04 15:39:29,019 - INFO - Entering method 'TestClass.method_with_self' with level 'INFO': Performing operation
2024-03-04 15:39:29,051 - INFO - This is a log message inside method_with_self
2024-03-04 15:39:29,051 - INFO - Exiting method 'TestClass.method_with_self' with level 'INFO': Performing operation. Result: 8
2024-03-04 15:39:29,052 - INFO - Entering method 'int.method_without_self' with level 'INFO': Performing operation
2024-03-04 15:39:29,052 - INFO - This is a log message inside method_without_self
2024-03-04 15:39:29,052 - INFO - Exiting method 'int.method_without_self' with level 'INFO': Performing operation. Result: 2
2024-03-04 15:44:07,542 - INFO - Entering method 'TestClass.method_with_self' with level 'INFO': Performing operation
2024-03-04 15:44:07,598 - INFO - Exiting method 'TestClass.method_with_self' with level 'INFO': Performing operation. Result: 8
2024-03-04 15:44:07,598 - INFO - Entering method 'int.method_without_self' with level 'INFO': Performing operation
2024-03-04 15:44:07,598 - INFO - Exiting method 'int.method_without_self' with level 'INFO': Performing operation. Result: 2
2024-03-04 15:44:27,352 - INFO - Entering method 'TestClass.method_with_self' with level 'INFO': Performing operation
2024-03-04 15:44:27,558 - INFO - Exiting method 'TestClass.method_with_self' with level 'INFO': Performing operation. Result: 8
2024-03-04 15:44:27,559 - INFO - Entering method 'int.method_without_self' with level 'INFO': Performing operation
2024-03-04 15:44:27,559 - INFO - Exiting method 'int.method_without_self' with level 'INFO': Performing operation. Result: 2
2024-03-04 15:49:06,837 - INFO - Entering method 'TestClass.method_with_self' with level 'INFO': Performing operation
2024-03-04 15:49:06,846 - INFO - Exiting method 'TestClass.method_with_self' with level 'INFO': Performing operation. Result: 8
2024-03-04 15:49:06,847 - INFO - Entering method 'int.method_without_self' with level 'INFO': Performing operation
2024-03-04 15:49:06,847 - INFO - Exiting method 'int.method_without_self' with level 'INFO': Performing operation. Result: 2
2024-03-04 15:49:58,017 - INFO - Entering method 'TestClass.method_with_self' with level 'INFO': Performing operation
2024-03-04 15:49:58,035 - INFO - Exiting method 'TestClass.method_with_self' with level 'INFO': Performing operation. Result: 8
2024-03-04 15:49:58,035 - INFO - Entering method 'int.method_without_self' with level 'INFO': Performing operation
2024-03-04 15:49:58,035 - INFO - Exiting method 'int.method_without_self' with level 'INFO': Performing operation. Result: 2
